<?xml version="1.0" encoding="UTF-8"?>
<testsuite xmlns:xsi="http://www.w3.org/2001/XMLSchema-instance" xsi:noNamespaceSchemaLocation="https://maven.apache.org/surefire/maven-surefire-plugin/xsd/surefire-test-report.xsd" version="3.0.2" name="org.bdev.camarasec.core.ptz.EzvizPtzServiceTest" time="0.198" tests="3" errors="0" skipped="0" failures="0">
  <properties>
[...]
</properties>
  <testcase name="testMoveAndStop" classname="org.bdev.camarasec.core.ptz.EzvizPtzServiceTest" time="0.074"/>
  <testcase name="testIsConfigured" classname="org.bdev.camarasec.core.ptz.EzvizPtzServiceTest" time="0.01"/>
  <testcase name="testMoveDirections" classname="org.bdev.camarasec.core.ptz.EzvizPtzServiceTest" time="0.104"/>
</testsuite>